Reduced vocab size: 32768
Dataset: 875 files, ~7168000 samples
Model params: 109,077,504
  CRS mode: True, alpha: 0.3

=== Starting fresh training ===

Training config: 5000 total steps (will do 5000 more)
  Micro batch: 32 × 256 = 8,192 tokens
  Grad accum: 4
  Effective batch: 128 × 256 = 32,768 tokens
  Checkpoints every 1000 steps → /Users/bytedance/kv_cache/fdong_embedding_dim/outputs/small_lm_crs/crs_alpha0_3/checkpoints/
  Metrics → /Users/bytedance/kv_cache/fdong_embedding_dim/outputs/small_lm_crs/crs_alpha0_3/metrics.jsonl
step     25/5000  loss=136.2666  ppl=485165195.4  grad_norm=227.30  tok/s=3,309  tokens=819,200
Exception ignored in: <function _MultiProcessingDataLoaderIter.__del__ at 0x10b9362a0>
Traceback (most recent call last):
  File "/Users/bytedance/.workbuddy/binaries/python/versions/3.13.12/lib/python3.13/site-packages/torch/utils/data/dataloader.py", line 1686, in __del__
    self._shutdown_workers()
  File "/Users/bytedance/.workbuddy/binaries/python/versions/3.13.12/lib/python3.13/site-packages/torch/utils/data/dataloader.py", line 1650, in _shutdown_workers
    w.join(timeout=_utils.MP_STATUS_CHECK_INTERVAL)
  File "/Users/bytedance/.workbuddy/binaries/python/versions/3.13.12/lib/python3.13/multiprocessing/process.py", line 149, in join
    res = self._popen.wait(timeout)
  File "/Users/bytedance/.workbuddy/binaries/python/versions/3.13.12/lib/python3.13/multiprocessing/popen_fork.py", line 41, in wait
    if not wait([self.sentinel], timeout):
  File "/Users/bytedance/.workbuddy/binaries/python/versions/3.13.12/lib/python3.13/multiprocessing/connection.py", line 1148, in wait
    ready = selector.select(timeout)
  File "/Users/bytedance/.workbuddy/binaries/python/versions/3.13.12/lib/python3.13/selectors.py", line 398, in select
    fd_event_list = self._selector.poll(timeout)
KeyboardInterrupt: 
Traceback (most recent call last):
  File "/Users/bytedance/kv_cache/fdong_embedding_dim/workbuddy_scripts/small_lm_crs.py", line 713, in <module>
    else:
        ^
  File "/Users/bytedance/kv_cache/fdong_embedding_dim/workbuddy_scripts/small_lm_crs.py", line 583, in train
    loss = loss_raw / args.grad_accum
                    ^^^^^^^^^^^^^^^
KeyboardInterrupt
Reduced vocab size: 32768
Dataset: 875 files, ~7168000 samples
Model params: 109,077,504
  CRS mode: True, alpha: 0.3

=== Starting fresh training ===

Training config: 5000 total steps (will do 5000 more)
  Micro batch: 32 × 256 = 8,192 tokens
  Grad accum: 4
  Effective batch: 128 × 256 = 32,768 tokens
  Checkpoints every 1000 steps → /Users/bytedance/kv_cache/fdong_embedding_dim/outputs/small_lm_crs/crs_alpha0_3/checkpoints/
  Metrics → /Users/bytedance/kv_cache/fdong_embedding_dim/outputs/small_lm_crs/crs_alpha0_3/metrics.jsonl
step     25/5000  loss=7.6118  ppl=2022.0  grad_norm=1.74  tok/s=3,211  tokens=819,200
step     50/5000  loss=6.2736  ppl=530.4  grad_norm=0.83  tok/s=4,039  tokens=1,638,400
step     75/5000  loss=6.0715  ppl=433.3  grad_norm=0.73  tok/s=4,049  tokens=2,457,600
step    100/5000  loss=5.8919  ppl=362.1  grad_norm=0.70  tok/s=4,045  tokens=3,276,800
step    125/5000  loss=5.7704  ppl=320.7  grad_norm=0.79  tok/s=4,034  tokens=4,096,000
step    150/5000  loss=5.7109  ppl=302.1  grad_norm=0.74  tok/s=4,041  tokens=4,915,200
step    175/5000  loss=5.6524  ppl=285.0  grad_norm=0.58  tok/s=4,031  tokens=5,734,400
step    200/5000  loss=5.6224  ppl=276.5  grad_norm=0.61  tok/s=4,039  tokens=6,553,600
step    225/5000  loss=5.5456  ppl=256.1  grad_norm=0.69  tok/s=4,046  tokens=7,372,800
step    250/5000  loss=5.5324  ppl=252.7  grad_norm=0.76  tok/s=4,047  tokens=8,192,000
step    275/5000  loss=5.4654  ppl=236.4  grad_norm=0.61  tok/s=4,044  tokens=9,011,200
step    300/5000  loss=5.4616  ppl=235.5  grad_norm=0.55  tok/s=4,028  tokens=9,830,400
step    325/5000  loss=5.4314  ppl=228.5  grad_norm=0.67  tok/s=4,029  tokens=10,649,600
step    350/5000  loss=5.4371  ppl=229.8  grad_norm=0.57  tok/s=4,023  tokens=11,468,800
step    375/5000  loss=5.3880  ppl=218.8  grad_norm=0.56  tok/s=4,028  tokens=12,288,000
step    400/5000  loss=5.3859  ppl=218.3  grad_norm=0.73  tok/s=4,011  tokens=13,107,200
step    425/5000  loss=5.3231  ppl=205.0  grad_norm=0.56  tok/s=4,017  tokens=13,926,400
step    450/5000  loss=5.3340  ppl=207.3  grad_norm=0.55  tok/s=4,035  tokens=14,745,600
step    475/5000  loss=5.2955  ppl=199.4  grad_norm=0.55  tok/s=4,024  tokens=15,564,800
step    500/5000  loss=5.2693  ppl=194.3  grad_norm=0.49  tok/s=4,034  tokens=16,384,000
step    525/5000  loss=5.2288  ppl=186.6  grad_norm=0.50  tok/s=4,029  tokens=17,203,200
step    550/5000  loss=5.2718  ppl=194.8  grad_norm=0.51  tok/s=4,031  tokens=18,022,400
step    575/5000  loss=5.2250  ppl=185.9  grad_norm=0.57  tok/s=4,030  tokens=18,841,600
step    600/5000  loss=5.2267  ppl=186.2  grad_norm=0.55  tok/s=4,027  tokens=19,660,800
step    625/5000  loss=5.2201  ppl=185.0  grad_norm=0.49  tok/s=4,019  tokens=20,480,000
step    650/5000  loss=5.2108  ppl=183.2  grad_norm=0.73  tok/s=4,014  tokens=21,299,200
step    675/5000  loss=5.2026  ppl=181.8  grad_norm=0.54  tok/s=4,024  tokens=22,118,400
step    700/5000  loss=5.2007  ppl=181.4  grad_norm=0.52  tok/s=4,028  tokens=22,937,600
step    725/5000  loss=5.1345  ppl=169.8  grad_norm=0.64  tok/s=4,032  tokens=23,756,800
step    750/5000  loss=5.1216  ppl=167.6  grad_norm=0.54  tok/s=4,032  tokens=24,576,000
step    775/5000  loss=5.1318  ppl=169.3  grad_norm=0.50  tok/s=4,039  tokens=25,395,200
step    800/5000  loss=5.1420  ppl=171.1  grad_norm=0.51  tok/s=4,028  tokens=26,214,400
step    825/5000  loss=5.1401  ppl=170.7  grad_norm=0.60  tok/s=4,025  tokens=27,033,600
step    850/5000  loss=5.0888  ppl=162.2  grad_norm=0.48  tok/s=4,010  tokens=27,852,800
step    875/5000  loss=5.0804  ppl=160.8  grad_norm=0.51  tok/s=4,031  tokens=28,672,000
step    900/5000  loss=5.0868  ppl=161.9  grad_norm=0.56  tok/s=4,028  tokens=29,491,200
step    925/5000  loss=5.0777  ppl=160.4  grad_norm=0.54  tok/s=4,022  tokens=30,310,400
step    950/5000  loss=5.0495  ppl=156.0  grad_norm=0.51  tok/s=4,019  tokens=31,129,600
step    975/5000  loss=5.0529  ppl=156.5  grad_norm=0.58  tok/s=4,041  tokens=31,948,800
step   1000/5000  loss=5.0525  ppl=156.4  grad_norm=0.51  tok/s=4,028  tokens=32,768,000
  → saved checkpoint: /Users/bytedance/kv_cache/fdong_embedding_dim/outputs/small_lm_crs/crs_alpha0_3/checkpoints/step_1000.pt
step   1025/5000  loss=5.0264  ppl=152.4  grad_norm=0.46  tok/s=3,980  tokens=33,587,200
step   1050/5000  loss=4.9998  ppl=148.4  grad_norm=0.48  tok/s=4,025  tokens=34,406,400
step   1075/5000  loss=5.0046  ppl=149.1  grad_norm=0.52  tok/s=4,019  tokens=35,225,600
step   1100/5000  loss=4.9857  ppl=146.3  grad_norm=0.48  tok/s=4,034  tokens=36,044,800
step   1125/5000  loss=4.9646  ppl=143.3  grad_norm=0.48  tok/s=4,027  tokens=36,864,000
step   1150/5000  loss=4.9823  ppl=145.8  grad_norm=0.47  tok/s=4,026  tokens=37,683,200
step   1175/5000  loss=4.9780  ppl=145.2  grad_norm=0.57  tok/s=4,024  tokens=38,502,400
step   1200/5000  loss=4.9434  ppl=140.2  grad_norm=0.50  tok/s=4,034  tokens=39,321,600
step   1225/5000  loss=4.9202  ppl=137.0  grad_norm=0.55  tok/s=4,031  tokens=40,140,800
step   1250/5000  loss=4.9381  ppl=139.5  grad_norm=0.48  tok/s=4,025  tokens=40,960,000
step   1275/5000  loss=4.9014  ppl=134.5  grad_norm=0.54  tok/s=4,023  tokens=41,779,200
step   1300/5000  loss=4.9247  ppl=137.6  grad_norm=0.46  tok/s=4,030  tokens=42,598,400
step   1325/5000  loss=4.9317  ppl=138.6  grad_norm=0.56  tok/s=4,021  tokens=43,417,600
step   1350/5000  loss=4.8926  ppl=133.3  grad_norm=0.48  tok/s=4,031  tokens=44,236,800
step   1375/5000  loss=4.8817  ppl=131.8  grad_norm=0.52  tok/s=4,020  tokens=45,056,000
step   1400/5000  loss=4.8716  ppl=130.5  grad_norm=0.61  tok/s=4,029  tokens=45,875,200
step   1425/5000  loss=4.8682  ppl=130.1  grad_norm=0.56  tok/s=4,023  tokens=46,694,400
step   1450/5000  loss=4.8668  ppl=129.9  grad_norm=0.49  tok/s=4,026  tokens=47,513,600
step   1475/5000  loss=4.8513  ppl=127.9  grad_norm=0.50  tok/s=4,025  tokens=48,332,800
step   1500/5000  loss=4.8673  ppl=130.0  grad_norm=0.48  tok/s=4,025  tokens=49,152,000
step   1525/5000  loss=4.8592  ppl=128.9  grad_norm=0.49  tok/s=4,034  tokens=49,971,200
step   1550/5000  loss=4.8205  ppl=124.0  grad_norm=0.46  tok/s=4,024  tokens=50,790,400
step   1575/5000  loss=4.8376  ppl=126.2  grad_norm=0.46  tok/s=4,027  tokens=51,609,600
step   1600/5000  loss=4.8139  ppl=123.2  grad_norm=0.48  tok/s=4,029  tokens=52,428,800
step   1625/5000  loss=4.8136  ppl=123.2  grad_norm=0.48  tok/s=4,027  tokens=53,248,000
step   1650/5000  loss=4.8037  ppl=122.0  grad_norm=0.49  tok/s=4,025  tokens=54,067,200
step   1675/5000  loss=4.8006  ppl=121.6  grad_norm=0.46  tok/s=4,030  tokens=54,886,400
step   1700/5000  loss=4.7917  ppl=120.5  grad_norm=0.55  tok/s=4,028  tokens=55,705,600
step   1725/5000  loss=4.8194  ppl=123.9  grad_norm=0.47  tok/s=4,001  tokens=56,524,800
step   1750/5000  loss=4.7915  ppl=120.5  grad_norm=0.49  tok/s=4,018  tokens=57,344,000
step   1775/5000  loss=4.7814  ppl=119.3  grad_norm=0.47  tok/s=4,031  tokens=58,163,200
step   1800/5000  loss=4.7745  ppl=118.4  grad_norm=0.46  tok/s=4,016  tokens=58,982,400
step   1825/5000  loss=4.7458  ppl=115.1  grad_norm=0.52  tok/s=4,025  tokens=59,801,600
step   1850/5000  loss=4.7835  ppl=119.5  grad_norm=0.43  tok/s=4,037  tokens=60,620,800
step   1875/5000  loss=4.7458  ppl=115.1  grad_norm=0.51  tok/s=4,024  tokens=61,440,000
step   1900/5000  loss=4.7408  ppl=114.5  grad_norm=0.46  tok/s=4,030  tokens=62,259,200
step   1925/5000  loss=4.7290  ppl=113.2  grad_norm=0.55  tok/s=4,027  tokens=63,078,400
step   1950/5000  loss=4.7150  ppl=111.6  grad_norm=0.50  tok/s=4,007  tokens=63,897,600
step   1975/5000  loss=4.7484  ppl=115.4  grad_norm=0.47  tok/s=4,032  tokens=64,716,800
step   2000/5000  loss=4.7385  ppl=114.3  grad_norm=0.49  tok/s=4,030  tokens=65,536,000
  → saved checkpoint: /Users/bytedance/kv_cache/fdong_embedding_dim/outputs/small_lm_crs/crs_alpha0_3/checkpoints/step_2000.pt
step   2025/5000  loss=4.7222  ppl=112.4  grad_norm=0.47  tok/s=3,988  tokens=66,355,200
step   2050/5000  loss=4.7349  ppl=113.8  grad_norm=0.52  tok/s=4,032  tokens=67,174,400
step   2075/5000  loss=4.7304  ppl=113.3  grad_norm=0.46  tok/s=4,030  tokens=67,993,600
step   2100/5000  loss=4.7213  ppl=112.3  grad_norm=0.45  tok/s=4,037  tokens=68,812,800
step   2125/5000  loss=4.7111  ppl=111.2  grad_norm=0.48  tok/s=4,034  tokens=69,632,000
step   2150/5000  loss=4.7073  ppl=110.8  grad_norm=0.50  tok/s=4,021  tokens=70,451,200
step   2175/5000  loss=4.7209  ppl=112.3  grad_norm=0.50  tok/s=4,023  tokens=71,270,400
step   2200/5000  loss=4.6841  ppl=108.2  grad_norm=0.45  tok/s=4,018  tokens=72,089,600
step   2225/5000  loss=4.6805  ppl=107.8  grad_norm=0.46  tok/s=4,030  tokens=72,908,800
step   2250/5000  loss=4.6906  ppl=108.9  grad_norm=0.42  tok/s=4,027  tokens=73,728,000
step   2275/5000  loss=4.6937  ppl=109.3  grad_norm=0.45  tok/s=4,025  tokens=74,547,200
step   2300/5000  loss=4.6848  ppl=108.3  grad_norm=0.54  tok/s=4,026  tokens=75,366,400
step   2325/5000  loss=4.6663  ppl=106.3  grad_norm=0.51  tok/s=4,027  tokens=76,185,600
step   2350/5000  loss=4.6534  ppl=104.9  grad_norm=0.48  tok/s=4,026  tokens=77,004,800
step   2375/5000  loss=4.6562  ppl=105.2  grad_norm=0.48  tok/s=4,015  tokens=77,824,000
step   2400/5000  loss=4.6613  ppl=105.8  grad_norm=0.51  tok/s=4,012  tokens=78,643,200
step   2425/5000  loss=4.6764  ppl=107.4  grad_norm=0.45  tok/s=4,013  tokens=79,462,400
step   2450/5000  loss=4.6514  ppl=104.7  grad_norm=0.47  tok/s=3,841  tokens=80,281,600
step   2475/5000  loss=4.6305  ppl=102.6  grad_norm=0.45  tok/s=3,303  tokens=81,100,800
step   2500/5000  loss=4.6312  ppl=102.6  grad_norm=0.50  tok/s=3,337  tokens=81,920,000
step   2525/5000  loss=4.6239  ppl=101.9  grad_norm=0.51  tok/s=3,483  tokens=82,739,200
step   2550/5000  loss=4.6408  ppl=103.6  grad_norm=0.46  tok/s=3,636  tokens=83,558,400
step   2575/5000  loss=4.6556  ppl=105.2  grad_norm=0.46  tok/s=3,594  tokens=84,377,600
step   2600/5000  loss=4.6206  ppl=101.6  grad_norm=0.53  tok/s=3,470  tokens=85,196,800
step   2625/5000  loss=4.6211  ppl=101.6  grad_norm=0.45  tok/s=3,574  tokens=86,016,000
step   2650/5000  loss=4.6305  ppl=102.6  grad_norm=0.45  tok/s=3,101  tokens=86,835,200
step   2675/5000  loss=4.6118  ppl=100.7  grad_norm=0.46  tok/s=3,803  tokens=87,654,400
step   2700/5000  loss=4.6259  ppl=102.1  grad_norm=0.44  tok/s=3,568  tokens=88,473,600
step   2725/5000  loss=4.6262  ppl=102.1  grad_norm=0.47  tok/s=3,776  tokens=89,292,800
step   2750/5000  loss=4.6032  ppl=99.8  grad_norm=0.47  tok/s=3,225  tokens=90,112,000
step   2775/5000  loss=4.5961  ppl=99.1  grad_norm=0.48  tok/s=3,795  tokens=90,931,200
step   2800/5000  loss=4.6016  ppl=99.6  grad_norm=0.45  tok/s=2,979  tokens=91,750,400
step   2825/5000  loss=4.6023  ppl=99.7  grad_norm=0.47  tok/s=3,821  tokens=92,569,600
step   2850/5000  loss=4.5909  ppl=98.6  grad_norm=0.48  tok/s=3,333  tokens=93,388,800
step   2875/5000  loss=4.6290  ppl=102.4  grad_norm=0.51  tok/s=4,033  tokens=94,208,000
step   2900/5000  loss=4.6071  ppl=100.2  grad_norm=0.50  tok/s=3,149  tokens=95,027,200
step   2925/5000  loss=4.5793  ppl=97.4  grad_norm=0.46  tok/s=3,511  tokens=95,846,400
step   2950/5000  loss=4.5812  ppl=97.6  grad_norm=0.46  tok/s=3,358  tokens=96,665,600
step   2975/5000  loss=4.5911  ppl=98.6  grad_norm=0.50  tok/s=3,603  tokens=97,484,800
step   3000/5000  loss=4.5586  ppl=95.5  grad_norm=0.47  tok/s=3,625  tokens=98,304,000
  → saved checkpoint: /Users/bytedance/kv_cache/fdong_embedding_dim/outputs/small_lm_crs/crs_alpha0_3/checkpoints/step_3000.pt
step   3025/5000  loss=4.5831  ppl=97.8  grad_norm=0.46  tok/s=3,711  tokens=99,123,200
step   3050/5000  loss=4.5672  ppl=96.3  grad_norm=0.44  tok/s=3,413  tokens=99,942,400
step   3075/5000  loss=4.5714  ppl=96.7  grad_norm=0.46  tok/s=3,176  tokens=100,761,600
step   3100/5000  loss=4.5859  ppl=98.1  grad_norm=0.45  tok/s=3,630  tokens=101,580,800
step   3125/5000  loss=4.5576  ppl=95.4  grad_norm=0.44  tok/s=3,170  tokens=102,400,000
step   3150/5000  loss=4.5383  ppl=93.5  grad_norm=0.44  tok/s=3,858  tokens=103,219,200
step   3175/5000  loss=4.5545  ppl=95.1  grad_norm=0.46  tok/s=3,489  tokens=104,038,400
step   3200/5000  loss=4.5367  ppl=93.4  grad_norm=0.45  tok/s=3,806  tokens=104,857,600
step   3225/5000  loss=4.5473  ppl=94.4  grad_norm=0.47  tok/s=3,030  tokens=105,676,800
step   3250/5000  loss=4.5518  ppl=94.8  grad_norm=0.45  tok/s=3,975  tokens=106,496,000
step   3275/5000  loss=4.5303  ppl=92.8  grad_norm=0.43  tok/s=3,346  tokens=107,315,200
step   3300/5000  loss=4.5597  ppl=95.6  grad_norm=0.43  tok/s=3,771  tokens=108,134,400
step   3325/5000  loss=4.5545  ppl=95.1  grad_norm=0.46  tok/s=3,166  tokens=108,953,600
step   3350/5000  loss=4.5460  ppl=94.3  grad_norm=0.44  tok/s=4,011  tokens=109,772,800
step   3375/5000  loss=4.5488  ppl=94.5  grad_norm=0.45  tok/s=3,230  tokens=110,592,000
step   3400/5000  loss=4.5295  ppl=92.7  grad_norm=0.47  tok/s=3,597  tokens=111,411,200
step   3425/5000  loss=4.5339  ppl=93.1  grad_norm=0.45  tok/s=3,302  tokens=112,230,400
step   3450/5000  loss=4.5440  ppl=94.1  grad_norm=0.44  tok/s=4,030  tokens=113,049,600
step   3475/5000  loss=4.5290  ppl=92.7  grad_norm=0.48  tok/s=3,343  tokens=113,868,800
step   3500/5000  loss=4.5195  ppl=91.8  grad_norm=0.47  tok/s=3,459  tokens=114,688,000
step   3525/5000  loss=4.5427  ppl=93.9  grad_norm=0.49  tok/s=3,410  tokens=115,507,200
step   3550/5000  loss=4.5239  ppl=92.2  grad_norm=0.44  tok/s=3,885  tokens=116,326,400
step   3575/5000  loss=4.5188  ppl=91.7  grad_norm=0.48  tok/s=3,380  tokens=117,145,600
step   3600/5000  loss=4.5117  ppl=91.1  grad_norm=0.44  tok/s=3,265  tokens=117,964,800
step   3625/5000  loss=4.5004  ppl=90.1  grad_norm=0.47  tok/s=3,648  tokens=118,784,000
Traceback (most recent call last):
  File "/Users/bytedance/kv_cache/fdong_embedding_dim/workbuddy_scripts/small_lm_crs.py", line 717, in <module>
    train(args)
    ~~~~~^^^^^^
  File "/Users/bytedance/kv_cache/fdong_embedding_dim/workbuddy_scripts/small_lm_crs.py", line 587, in train
    running_loss += loss_raw.item()
                    ~~~~~~~~~~~~~^^
KeyboardInterrupt
