Reduced vocab size: 32768
Dataset: 875 files, ~7168000 samples
Model params: 109,065,216
  CRS mode: False, alpha: 0.3

=== Starting fresh training ===

Training config: 5000 total steps (will do 5000 more)
  Micro batch: 32 × 256 = 8,192 tokens
  Grad accum: 4
  Effective batch: 128 × 256 = 32,768 tokens
  Checkpoints every 200 steps → /Users/bytedance/kv_cache/fdong_embedding_dim/outputs/small_lm_crs/baseline/checkpoints/
  Metrics → /Users/bytedance/kv_cache/fdong_embedding_dim/outputs/small_lm_crs/baseline/metrics.jsonl
step     25/5000  loss=7.4393  ppl=1701.6  grad_norm=1.30  tok/s=3,640  tokens=819,200
step     50/5000  loss=6.2771  ppl=532.2  grad_norm=1.20  tok/s=4,596  tokens=1,638,400
step     75/5000  loss=6.0590  ppl=427.9  grad_norm=0.85  tok/s=4,595  tokens=2,457,600
step    100/5000  loss=5.8953  ppl=363.3  grad_norm=0.68  tok/s=4,594  tokens=3,276,800
step    125/5000  loss=5.7838  ppl=325.0  grad_norm=0.72  tok/s=4,589  tokens=4,096,000
step    150/5000  loss=5.6801  ppl=293.0  grad_norm=0.77  tok/s=4,595  tokens=4,915,200
step    175/5000  loss=5.6194  ppl=275.7  grad_norm=0.65  tok/s=4,594  tokens=5,734,400
step    200/5000  loss=5.5880  ppl=267.2  grad_norm=0.76  tok/s=4,600  tokens=6,553,600
  → saved checkpoint: /Users/bytedance/kv_cache/fdong_embedding_dim/outputs/small_lm_crs/baseline/checkpoints/step_200.pt
step    225/5000  loss=5.5762  ppl=264.1  grad_norm=0.65  tok/s=4,539  tokens=7,372,800
step    250/5000  loss=5.5423  ppl=255.3  grad_norm=0.63  tok/s=4,605  tokens=8,192,000
step    275/5000  loss=5.4733  ppl=238.3  grad_norm=0.59  tok/s=4,575  tokens=9,011,200
step    300/5000  loss=5.4801  ppl=239.9  grad_norm=0.74  tok/s=4,588  tokens=9,830,400
step    325/5000  loss=5.4367  ppl=229.7  grad_norm=0.65  tok/s=4,589  tokens=10,649,600
step    350/5000  loss=5.4127  ppl=224.2  grad_norm=0.75  tok/s=4,595  tokens=11,468,800
step    375/5000  loss=5.3933  ppl=219.9  grad_norm=0.55  tok/s=4,598  tokens=12,288,000
step    400/5000  loss=5.3719  ppl=215.3  grad_norm=0.59  tok/s=4,600  tokens=13,107,200
  → saved checkpoint: /Users/bytedance/kv_cache/fdong_embedding_dim/outputs/small_lm_crs/baseline/checkpoints/step_400.pt
step    425/5000  loss=5.3277  ppl=206.0  grad_norm=0.70  tok/s=4,546  tokens=13,926,400
step    450/5000  loss=5.3333  ppl=207.1  grad_norm=0.60  tok/s=4,598  tokens=14,745,600
step    475/5000  loss=5.3171  ppl=203.8  grad_norm=0.50  tok/s=4,606  tokens=15,564,800
step    500/5000  loss=5.3161  ppl=203.6  grad_norm=0.64  tok/s=4,593  tokens=16,384,000
step    525/5000  loss=5.2620  ppl=192.9  grad_norm=0.52  tok/s=4,586  tokens=17,203,200
step    550/5000  loss=5.2592  ppl=192.3  grad_norm=0.50  tok/s=4,582  tokens=18,022,400
step    575/5000  loss=5.2419  ppl=189.0  grad_norm=0.53  tok/s=4,598  tokens=18,841,600
step    600/5000  loss=5.2238  ppl=185.6  grad_norm=0.48  tok/s=4,591  tokens=19,660,800
  → saved checkpoint: /Users/bytedance/kv_cache/fdong_embedding_dim/outputs/small_lm_crs/baseline/checkpoints/step_600.pt
step    625/5000  loss=5.2292  ppl=186.6  grad_norm=0.51  tok/s=4,539  tokens=20,480,000
step    650/5000  loss=5.2044  ppl=182.1  grad_norm=0.52  tok/s=4,591  tokens=21,299,200
step    675/5000  loss=5.1771  ppl=177.2  grad_norm=0.51  tok/s=4,592  tokens=22,118,400
step    700/5000  loss=5.1815  ppl=177.9  grad_norm=0.50  tok/s=4,603  tokens=22,937,600
step    725/5000  loss=5.1314  ppl=169.3  grad_norm=0.56  tok/s=4,596  tokens=23,756,800
step    750/5000  loss=5.1495  ppl=172.4  grad_norm=0.48  tok/s=4,603  tokens=24,576,000
step    775/5000  loss=5.1202  ppl=167.4  grad_norm=0.49  tok/s=4,592  tokens=25,395,200
step    800/5000  loss=5.1232  ppl=167.9  grad_norm=0.50  tok/s=4,601  tokens=26,214,400
  → saved checkpoint: /Users/bytedance/kv_cache/fdong_embedding_dim/outputs/small_lm_crs/baseline/checkpoints/step_800.pt
step    825/5000  loss=5.1070  ppl=165.2  grad_norm=0.48  tok/s=4,536  tokens=27,033,600
step    850/5000  loss=5.1014  ppl=164.3  grad_norm=0.51  tok/s=4,592  tokens=27,852,800
step    875/5000  loss=5.0939  ppl=163.0  grad_norm=0.53  tok/s=4,598  tokens=28,672,000
step    900/5000  loss=5.0863  ppl=161.8  grad_norm=0.55  tok/s=4,599  tokens=29,491,200
step    925/5000  loss=5.0746  ppl=159.9  grad_norm=0.56  tok/s=4,601  tokens=30,310,400
step    950/5000  loss=5.0680  ppl=158.9  grad_norm=0.52  tok/s=4,592  tokens=31,129,600
step    975/5000  loss=5.0532  ppl=156.5  grad_norm=0.48  tok/s=4,600  tokens=31,948,800
step   1000/5000  loss=5.0441  ppl=155.1  grad_norm=0.55  tok/s=4,603  tokens=32,768,000
  → saved checkpoint: /Users/bytedance/kv_cache/fdong_embedding_dim/outputs/small_lm_crs/baseline/checkpoints/step_1000.pt
step   1025/5000  loss=5.0185  ppl=151.2  grad_norm=0.56  tok/s=4,530  tokens=33,587,200
step   1050/5000  loss=5.0000  ppl=148.4  grad_norm=0.54  tok/s=4,596  tokens=34,406,400
step   1075/5000  loss=5.0337  ppl=153.5  grad_norm=0.47  tok/s=4,591  tokens=35,225,600
step   1100/5000  loss=5.0022  ppl=148.7  grad_norm=0.50  tok/s=4,598  tokens=36,044,800
step   1125/5000  loss=4.9818  ppl=145.7  grad_norm=0.51  tok/s=4,592  tokens=36,864,000
step   1150/5000  loss=4.9656  ppl=143.4  grad_norm=0.55  tok/s=4,598  tokens=37,683,200
step   1175/5000  loss=4.9752  ppl=144.8  grad_norm=0.52  tok/s=4,599  tokens=38,502,400
step   1200/5000  loss=4.9655  ppl=143.4  grad_norm=0.49  tok/s=4,594  tokens=39,321,600
  → saved checkpoint: /Users/bytedance/kv_cache/fdong_embedding_dim/outputs/small_lm_crs/baseline/checkpoints/step_1200.pt
step   1225/5000  loss=4.9465  ppl=140.7  grad_norm=0.51  tok/s=4,541  tokens=40,140,800
step   1250/5000  loss=4.9411  ppl=139.9  grad_norm=0.49  tok/s=4,587  tokens=40,960,000
step   1275/5000  loss=4.9483  ppl=140.9  grad_norm=0.50  tok/s=4,586  tokens=41,779,200
step   1300/5000  loss=4.9098  ppl=135.6  grad_norm=0.50  tok/s=4,586  tokens=42,598,400
step   1325/5000  loss=4.8980  ppl=134.0  grad_norm=0.55  tok/s=4,594  tokens=43,417,600
step   1350/5000  loss=4.8958  ppl=133.7  grad_norm=0.51  tok/s=4,593  tokens=44,236,800
step   1375/5000  loss=4.8532  ppl=128.1  grad_norm=0.51  tok/s=4,596  tokens=45,056,000
step   1400/5000  loss=4.8780  ppl=131.4  grad_norm=0.48  tok/s=4,593  tokens=45,875,200
  → saved checkpoint: /Users/bytedance/kv_cache/fdong_embedding_dim/outputs/small_lm_crs/baseline/checkpoints/step_1400.pt
step   1425/5000  loss=4.8668  ppl=129.9  grad_norm=0.46  tok/s=4,546  tokens=46,694,400
step   1450/5000  loss=4.8857  ppl=132.4  grad_norm=0.48  tok/s=4,590  tokens=47,513,600
step   1475/5000  loss=4.8507  ppl=127.8  grad_norm=0.53  tok/s=4,598  tokens=48,332,800
step   1500/5000  loss=4.8778  ppl=131.3  grad_norm=0.52  tok/s=4,595  tokens=49,152,000
step   1525/5000  loss=4.8359  ppl=126.0  grad_norm=0.47  tok/s=4,589  tokens=49,971,200
step   1550/5000  loss=4.8385  ppl=126.3  grad_norm=0.54  tok/s=4,593  tokens=50,790,400
step   1575/5000  loss=4.8197  ppl=123.9  grad_norm=0.46  tok/s=4,598  tokens=51,609,600
step   1600/5000  loss=4.8276  ppl=124.9  grad_norm=0.49  tok/s=4,595  tokens=52,428,800
  → saved checkpoint: /Users/bytedance/kv_cache/fdong_embedding_dim/outputs/small_lm_crs/baseline/checkpoints/step_1600.pt
step   1625/5000  loss=4.8164  ppl=123.5  grad_norm=0.52  tok/s=4,535  tokens=53,248,000
step   1650/5000  loss=4.8131  ppl=123.1  grad_norm=0.44  tok/s=4,592  tokens=54,067,200
step   1675/5000  loss=4.7875  ppl=120.0  grad_norm=0.48  tok/s=4,599  tokens=54,886,400
step   1700/5000  loss=4.7798  ppl=119.1  grad_norm=0.49  tok/s=4,597  tokens=55,705,600
step   1725/5000  loss=4.7910  ppl=120.4  grad_norm=0.56  tok/s=4,594  tokens=56,524,800
step   1750/5000  loss=4.7892  ppl=120.2  grad_norm=0.51  tok/s=4,593  tokens=57,344,000
step   1775/5000  loss=4.7934  ppl=120.7  grad_norm=0.54  tok/s=4,584  tokens=58,163,200
step   1800/5000  loss=4.7507  ppl=115.7  grad_norm=0.51  tok/s=4,594  tokens=58,982,400
  → saved checkpoint: /Users/bytedance/kv_cache/fdong_embedding_dim/outputs/small_lm_crs/baseline/checkpoints/step_1800.pt
step   1825/5000  loss=4.7581  ppl=116.5  grad_norm=0.51  tok/s=4,535  tokens=59,801,600
step   1850/5000  loss=4.7608  ppl=116.8  grad_norm=0.49  tok/s=4,607  tokens=60,620,800
step   1875/5000  loss=4.7522  ppl=115.8  grad_norm=0.48  tok/s=4,599  tokens=61,440,000
step   1900/5000  loss=4.7406  ppl=114.5  grad_norm=0.52  tok/s=4,591  tokens=62,259,200
step   1925/5000  loss=4.7419  ppl=114.6  grad_norm=0.45  tok/s=4,598  tokens=63,078,400
step   1950/5000  loss=4.7343  ppl=113.8  grad_norm=0.50  tok/s=4,592  tokens=63,897,600
step   1975/5000  loss=4.7178  ppl=111.9  grad_norm=0.49  tok/s=4,596  tokens=64,716,800
step   2000/5000  loss=4.7364  ppl=114.0  grad_norm=0.53  tok/s=4,596  tokens=65,536,000
  → saved checkpoint: /Users/bytedance/kv_cache/fdong_embedding_dim/outputs/small_lm_crs/baseline/checkpoints/step_2000.pt
step   2025/5000  loss=4.7514  ppl=115.8  grad_norm=0.56  tok/s=4,534  tokens=66,355,200
step   2050/5000  loss=4.7296  ppl=113.2  grad_norm=0.47  tok/s=4,591  tokens=67,174,400
step   2075/5000  loss=4.7266  ppl=112.9  grad_norm=0.45  tok/s=4,576  tokens=67,993,600
step   2100/5000  loss=4.7149  ppl=111.6  grad_norm=0.49  tok/s=4,594  tokens=68,812,800
step   2125/5000  loss=4.6960  ppl=109.5  grad_norm=0.48  tok/s=4,586  tokens=69,632,000
step   2150/5000  loss=4.6939  ppl=109.3  grad_norm=0.49  tok/s=4,599  tokens=70,451,200
step   2175/5000  loss=4.6892  ppl=108.8  grad_norm=0.46  tok/s=4,595  tokens=71,270,400
step   2200/5000  loss=4.6906  ppl=108.9  grad_norm=0.45  tok/s=4,598  tokens=72,089,600
  → saved checkpoint: /Users/bytedance/kv_cache/fdong_embedding_dim/outputs/small_lm_crs/baseline/checkpoints/step_2200.pt
step   2225/5000  loss=4.6872  ppl=108.6  grad_norm=0.46  tok/s=4,549  tokens=72,908,800
step   2250/5000  loss=4.6729  ppl=107.0  grad_norm=0.49  tok/s=4,594  tokens=73,728,000
step   2275/5000  loss=4.6868  ppl=108.5  grad_norm=0.46  tok/s=4,588  tokens=74,547,200
step   2300/5000  loss=4.6618  ppl=105.8  grad_norm=0.52  tok/s=4,578  tokens=75,366,400
step   2325/5000  loss=4.6640  ppl=106.1  grad_norm=0.51  tok/s=4,597  tokens=76,185,600
step   2350/5000  loss=4.6536  ppl=105.0  grad_norm=0.55  tok/s=4,585  tokens=77,004,800
step   2375/5000  loss=4.6456  ppl=104.1  grad_norm=0.47  tok/s=4,592  tokens=77,824,000
step   2400/5000  loss=4.6452  ppl=104.1  grad_norm=0.45  tok/s=4,595  tokens=78,643,200
  → saved checkpoint: /Users/bytedance/kv_cache/fdong_embedding_dim/outputs/small_lm_crs/baseline/checkpoints/step_2400.pt
step   2425/5000  loss=4.6481  ppl=104.4  grad_norm=0.44  tok/s=4,537  tokens=79,462,400
step   2450/5000  loss=4.6409  ppl=103.6  grad_norm=0.48  tok/s=4,588  tokens=80,281,600
step   2475/5000  loss=4.6303  ppl=102.5  grad_norm=0.54  tok/s=4,578  tokens=81,100,800
step   2500/5000  loss=4.6354  ppl=103.1  grad_norm=0.46  tok/s=4,593  tokens=81,920,000
step   2525/5000  loss=4.6262  ppl=102.1  grad_norm=0.50  tok/s=4,587  tokens=82,739,200
step   2550/5000  loss=4.6151  ppl=101.0  grad_norm=0.46  tok/s=4,585  tokens=83,558,400
step   2575/5000  loss=4.6177  ppl=101.3  grad_norm=0.47  tok/s=4,593  tokens=84,377,600
step   2600/5000  loss=4.6058  ppl=100.1  grad_norm=0.48  tok/s=4,593  tokens=85,196,800
  → saved checkpoint: /Users/bytedance/kv_cache/fdong_embedding_dim/outputs/small_lm_crs/baseline/checkpoints/step_2600.pt
step   2625/5000  loss=4.6037  ppl=99.8  grad_norm=0.47  tok/s=4,541  tokens=86,016,000
step   2650/5000  loss=4.5967  ppl=99.2  grad_norm=0.47  tok/s=4,591  tokens=86,835,200
step   2675/5000  loss=4.6130  ppl=100.8  grad_norm=0.44  tok/s=4,591  tokens=87,654,400
step   2700/5000  loss=4.6018  ppl=99.7  grad_norm=0.42  tok/s=4,585  tokens=88,473,600
step   2725/5000  loss=4.5943  ppl=98.9  grad_norm=0.44  tok/s=4,586  tokens=89,292,800
step   2750/5000  loss=4.6069  ppl=100.2  grad_norm=0.50  tok/s=4,599  tokens=90,112,000
step   2775/5000  loss=4.6221  ppl=101.7  grad_norm=0.48  tok/s=4,592  tokens=90,931,200
step   2800/5000  loss=4.5998  ppl=99.5  grad_norm=0.52  tok/s=4,584  tokens=91,750,400
  → saved checkpoint: /Users/bytedance/kv_cache/fdong_embedding_dim/outputs/small_lm_crs/baseline/checkpoints/step_2800.pt
step   2825/5000  loss=4.5803  ppl=97.5  grad_norm=0.44  tok/s=4,536  tokens=92,569,600
step   2850/5000  loss=4.5813  ppl=97.6  grad_norm=0.49  tok/s=4,590  tokens=93,388,800
step   2875/5000  loss=4.5990  ppl=99.4  grad_norm=0.45  tok/s=4,592  tokens=94,208,000
step   2900/5000  loss=4.5772  ppl=97.2  grad_norm=0.47  tok/s=4,588  tokens=95,027,200
step   2925/5000  loss=4.5919  ppl=98.7  grad_norm=0.46  tok/s=4,589  tokens=95,846,400
step   2950/5000  loss=4.5685  ppl=96.4  grad_norm=0.47  tok/s=4,590  tokens=96,665,600
step   2975/5000  loss=4.5549  ppl=95.1  grad_norm=0.49  tok/s=4,583  tokens=97,484,800
step   3000/5000  loss=4.5684  ppl=96.4  grad_norm=0.50  tok/s=4,597  tokens=98,304,000
  → saved checkpoint: /Users/bytedance/kv_cache/fdong_embedding_dim/outputs/small_lm_crs/baseline/checkpoints/step_3000.pt
step   3025/5000  loss=4.5780  ppl=97.3  grad_norm=0.49  tok/s=4,539  tokens=99,123,200
step   3050/5000  loss=4.5754  ppl=97.1  grad_norm=0.52  tok/s=4,586  tokens=99,942,400
step   3075/5000  loss=4.5599  ppl=95.6  grad_norm=0.53  tok/s=4,580  tokens=100,761,600
step   3100/5000  loss=4.5512  ppl=94.7  grad_norm=0.49  tok/s=4,595  tokens=101,580,800
step   3125/5000  loss=4.5586  ppl=95.5  grad_norm=0.51  tok/s=4,591  tokens=102,400,000
step   3150/5000  loss=4.5510  ppl=94.7  grad_norm=0.45  tok/s=4,592  tokens=103,219,200
step   3175/5000  loss=4.5530  ppl=94.9  grad_norm=0.45  tok/s=4,590  tokens=104,038,400
step   3200/5000  loss=4.5630  ppl=95.9  grad_norm=0.46  tok/s=4,582  tokens=104,857,600
  → saved checkpoint: /Users/bytedance/kv_cache/fdong_embedding_dim/outputs/small_lm_crs/baseline/checkpoints/step_3200.pt
step   3225/5000  loss=4.5552  ppl=95.1  grad_norm=0.47  tok/s=4,541  tokens=105,676,800
step   3250/5000  loss=4.5593  ppl=95.5  grad_norm=0.48  tok/s=4,596  tokens=106,496,000
step   3275/5000  loss=4.5357  ppl=93.3  grad_norm=0.47  tok/s=4,593  tokens=107,315,200
step   3300/5000  loss=4.5404  ppl=93.7  grad_norm=0.44  tok/s=4,582  tokens=108,134,400
step   3325/5000  loss=4.5412  ppl=93.8  grad_norm=0.47  tok/s=4,593  tokens=108,953,600
step   3350/5000  loss=4.5356  ppl=93.3  grad_norm=0.46  tok/s=4,577  tokens=109,772,800
step   3375/5000  loss=4.5380  ppl=93.5  grad_norm=0.45  tok/s=4,587  tokens=110,592,000
step   3400/5000  loss=4.5104  ppl=91.0  grad_norm=0.48  tok/s=4,080  tokens=111,411,200
  → saved checkpoint: /Users/bytedance/kv_cache/fdong_embedding_dim/outputs/small_lm_crs/baseline/checkpoints/step_3400.pt
step   3425/5000  loss=4.5318  ppl=92.9  grad_norm=0.49  tok/s=3,998  tokens=112,230,400
step   3450/5000  loss=4.5348  ppl=93.2  grad_norm=0.49  tok/s=3,685  tokens=113,049,600
step   3475/5000  loss=4.5145  ppl=91.3  grad_norm=0.50  tok/s=4,440  tokens=113,868,800
step   3500/5000  loss=4.5190  ppl=91.7  grad_norm=0.49  tok/s=4,066  tokens=114,688,000
step   3525/5000  loss=4.5363  ppl=93.3  grad_norm=0.47  tok/s=3,874  tokens=115,507,200
step   3550/5000  loss=4.5169  ppl=91.6  grad_norm=0.47  tok/s=4,428  tokens=116,326,400
step   3575/5000  loss=4.5288  ppl=92.7  grad_norm=0.46  tok/s=3,555  tokens=117,145,600
step   3600/5000  loss=4.5294  ppl=92.7  grad_norm=0.47  tok/s=4,304  tokens=117,964,800
  → saved checkpoint: /Users/bytedance/kv_cache/fdong_embedding_dim/outputs/small_lm_crs/baseline/checkpoints/step_3600.pt
step   3625/5000  loss=4.4886  ppl=89.0  grad_norm=0.48  tok/s=3,620  tokens=118,784,000
step   3650/5000  loss=4.5122  ppl=91.1  grad_norm=0.48  tok/s=3,972  tokens=119,603,200
step   3675/5000  loss=4.4926  ppl=89.4  grad_norm=0.44  tok/s=4,492  tokens=120,422,400
step   3700/5000  loss=4.5153  ppl=91.4  grad_norm=0.46  tok/s=3,871  tokens=121,241,600
step   3725/5000  loss=4.5071  ppl=90.7  grad_norm=0.46  tok/s=4,225  tokens=122,060,800
step   3750/5000  loss=4.5068  ppl=90.6  grad_norm=0.45  tok/s=3,837  tokens=122,880,000
step   3775/5000  loss=4.4933  ppl=89.4  grad_norm=0.49  tok/s=3,792  tokens=123,699,200
step   3800/5000  loss=4.5062  ppl=90.6  grad_norm=0.44  tok/s=4,576  tokens=124,518,400
  → saved checkpoint: /Users/bytedance/kv_cache/fdong_embedding_dim/outputs/small_lm_crs/baseline/checkpoints/step_3800.pt
step   3825/5000  loss=4.4794  ppl=88.2  grad_norm=0.45  tok/s=3,772  tokens=125,337,600
step   3850/5000  loss=4.5126  ppl=91.2  grad_norm=0.43  tok/s=3,915  tokens=126,156,800
step   3875/5000  loss=4.5223  ppl=92.0  grad_norm=0.48  tok/s=3,946  tokens=126,976,000
step   3900/5000  loss=4.4908  ppl=89.2  grad_norm=0.47  tok/s=3,580  tokens=127,795,200
step   3925/5000  loss=4.4891  ppl=89.0  grad_norm=0.45  tok/s=4,349  tokens=128,614,400
step   3950/5000  loss=4.4902  ppl=89.1  grad_norm=0.44  tok/s=3,577  tokens=129,433,600
step   3975/5000  loss=4.4906  ppl=89.2  grad_norm=0.50  tok/s=4,219  tokens=130,252,800
step   4000/5000  loss=4.4739  ppl=87.7  grad_norm=0.48  tok/s=4,590  tokens=131,072,000
  → saved checkpoint: /Users/bytedance/kv_cache/fdong_embedding_dim/outputs/small_lm_crs/baseline/checkpoints/step_4000.pt
step   4025/5000  loss=4.4581  ppl=86.3  grad_norm=0.48  tok/s=3,660  tokens=131,891,200
step   4050/5000  loss=4.4658  ppl=87.0  grad_norm=0.48  tok/s=4,255  tokens=132,710,400
step   4075/5000  loss=4.4792  ppl=88.2  grad_norm=0.45  tok/s=3,619  tokens=133,529,600
step   4100/5000  loss=4.4645  ppl=86.9  grad_norm=0.46  tok/s=3,921  tokens=134,348,800
step   4125/5000  loss=4.4758  ppl=87.9  grad_norm=0.49  tok/s=4,011  tokens=135,168,000
step   4150/5000  loss=4.4493  ppl=85.6  grad_norm=0.47  tok/s=3,769  tokens=135,987,200
step   4175/5000  loss=4.4682  ppl=87.2  grad_norm=0.51  tok/s=4,537  tokens=136,806,400
step   4200/5000  loss=4.4789  ppl=88.1  grad_norm=0.49  tok/s=4,123  tokens=137,625,600
  → saved checkpoint: /Users/bytedance/kv_cache/fdong_embedding_dim/outputs/small_lm_crs/baseline/checkpoints/step_4200.pt
Exception ignored in: <function _MultiProcessingDataLoaderIter.__del__ at 0x109cc4400>
Traceback (most recent call last):
  File "/Users/bytedance/.workbuddy/binaries/python/versions/3.13.12/lib/python3.13/site-packages/torch/utils/data/dataloader.py", line 1686, in __del__
    self._shutdown_workers()
  File "/Users/bytedance/.workbuddy/binaries/python/versions/3.13.12/lib/python3.13/site-packages/torch/utils/data/dataloader.py", line 1650, in _shutdown_workers
    w.join(timeout=_utils.MP_STATUS_CHECK_INTERVAL)
  File "/Users/bytedance/.workbuddy/binaries/python/versions/3.13.12/lib/python3.13/multiprocessing/process.py", line 149, in join
    res = self._popen.wait(timeout)
  File "/Users/bytedance/.workbuddy/binaries/python/versions/3.13.12/lib/python3.13/multiprocessing/popen_fork.py", line 41, in wait
    if not wait([self.sentinel], timeout):
  File "/Users/bytedance/.workbuddy/binaries/python/versions/3.13.12/lib/python3.13/multiprocessing/connection.py", line 1148, in wait
    ready = selector.select(timeout)
  File "/Users/bytedance/.workbuddy/binaries/python/versions/3.13.12/lib/python3.13/selectors.py", line 398, in select
    fd_event_list = self._selector.poll(timeout)
KeyboardInterrupt: 
Traceback (most recent call last):
  File "/Users/bytedance/kv_cache/fdong_embedding_dim/workbuddy_scripts/small_lm_crs.py", line 717, in <module>
    train(args)
    ~~~~~^^^^^^
  File "/Users/bytedance/kv_cache/fdong_embedding_dim/workbuddy_scripts/small_lm_crs.py", line 587, in train
    running_loss += loss_raw.item()
                    ~~~~~~~~~~~~~^^
KeyboardInterrupt
